<?xml version="1.0" encoding="UTF-8"?>
<!-- Generated by org.testng.reporters.JUnitXMLReporter -->
<testsuite hostname="CDC2-D-519QS77" ignored="0" name="Default test" tests="4" failures="0" timestamp="18 Nov 2019 09:42:12 GMT" time="57.696" errors="0">
  <testcase name="SignUp" time="8.375" classname="Scenario1.Registration"/>
  <testcase name="Signin" time="1.222" classname="Scenario1.Registration"/>
  <testcase name="productcart" time="3.021" classname="Scenario1.Registration"/>
  <testcase name="payment" time="6.162" classname="Scenario1.Registration"/>
</testsuite> <!-- Default test -->
