<?xml version="1.0" encoding="UTF-8"?>
<testng-results skipped="0" failed="0" ignored="0" total="4" passed="4">
  <reporter-output>
  </reporter-output>
  <suite name="Default suite" duration-ms="57696" started-at="2019-11-18T09:41:15Z" finished-at="2019-11-18T09:42:12Z">
    <groups>
    </groups>
    <test name="Default test" duration-ms="57696" started-at="2019-11-18T09:41:15Z" finished-at="2019-11-18T09:42:12Z">
      <class name="Scenario1.Registration">
        <test-method status="PASS" signature="beforeTest()[pri:0, instance:Scenario1.Registration@42d80b78]" name="beforeTest" is-config="true" duration-ms="23241" started-at="2019-11-18T09:41:15Z" finished-at="2019-11-18T09:41:38Z">
          <reporter-output>
          </reporter-output>
        </test-method> <!-- beforeTest -->
        <test-method status="PASS" signature="SignUp()[pri:1, instance:Scenario1.Registration@42d80b78]" name="SignUp" duration-ms="8375" started-at="2019-11-18T09:41:38Z" finished-at="2019-11-18T09:41:46Z">
          <reporter-output>
          </reporter-output>
        </test-method> <!-- SignUp -->
        <test-method status="PASS" signature="Signin()[pri:2, instance:Scenario1.Registration@42d80b78]" name="Signin" duration-ms="1222" started-at="2019-11-18T09:41:46Z" finished-at="2019-11-18T09:41:48Z">
          <reporter-output>
          </reporter-output>
        </test-method> <!-- Signin -->
        <test-method status="PASS" signature="productcart()[pri:3, instance:Scenario1.Registration@42d80b78]" name="productcart" duration-ms="3021" started-at="2019-11-18T09:41:48Z" finished-at="2019-11-18T09:41:51Z">
          <reporter-output>
          </reporter-output>
        </test-method> <!-- productcart -->
        <test-method status="PASS" signature="payment()[pri:4, instance:Scenario1.Registration@42d80b78]" name="payment" duration-ms="6162" started-at="2019-11-18T09:41:51Z" finished-at="2019-11-18T09:41:57Z">
          <reporter-output>
          </reporter-output>
        </test-method> <!-- payment -->
        <test-method status="PASS" signature="afterTest()[pri:0, instance:Scenario1.Registration@42d80b78]" name="afterTest" is-config="true" duration-ms="15582" started-at="2019-11-18T09:41:57Z" finished-at="2019-11-18T09:42:12Z">
          <reporter-output>
          </reporter-output>
        </test-method> <!-- afterTest -->
      </class> <!-- Scenario1.Registration -->
    </test> <!-- Default test -->
  </suite> <!-- Default suite -->
</testng-results>
